<?xml version="1.0" encoding="UTF-8"?>
<!-- Generated by org.testng.reporters.JUnitReportReporter -->
<testsuite hostname="IBM-PF3DEZ5G" failures="0" tests="1" name="TestRunner.testrun" time="20.324" errors="0" timestamp="2022-05-04T18:09:13 SGT" skipped="0">
  <testcase classname="TestRunner.testrun" name="runScenario" time="20.324"/>
  <system-out/>
</testsuite> <!-- TestRunner.testrun -->
